<?xml version="1.0" encoding="UTF-8"?>
<testsuite name="com.armyknife.tools.features.media.ApkExtractorViewModelTest" tests="17" skipped="0" failures="0" errors="0" timestamp="2026-05-18T17:00:57" hostname="pram11-server-01" time="0.008">
  <properties/>
  <testcase name="format bytes shows bytes" classname="com.armyknife.tools.features.media.ApkExtractorViewModelTest" time="0.002"/>
  <testcase name="sort by size orders ascending" classname="com.armyknife.tools.features.media.ApkExtractorViewModelTest" time="0.002"/>
  <testcase name="filter apps with empty query returns all" classname="com.armyknife.tools.features.media.ApkExtractorViewModelTest" time="0.0"/>
  <testcase name="filter apps returns matching results" classname="com.armyknife.tools.features.media.ApkExtractorViewModelTest" time="0.0"/>
  <testcase name="sort by date orders ascending" classname="com.armyknife.tools.features.media.ApkExtractorViewModelTest" time="0.0"/>
  <testcase name="apk info implements equals" classname="com.armyknife.tools.features.media.ApkExtractorViewModelTest" time="0.0"/>
  <testcase name="initial search query is empty" classname="com.armyknife.tools.features.media.ApkExtractorViewModelTest" time="0.0"/>
  <testcase name="update search query sets value" classname="com.armyknife.tools.features.media.ApkExtractorViewModelTest" time="0.0"/>
  <testcase name="clear search query empties value" classname="com.armyknife.tools.features.media.ApkExtractorViewModelTest" time="0.0"/>
  <testcase name="cycling sort order goes name size date" classname="com.armyknife.tools.features.media.ApkExtractorViewModelTest" time="0.0"/>
  <testcase name="apk info implements compareTo by name" classname="com.armyknife.tools.features.media.ApkExtractorViewModelTest" time="0.0"/>
  <testcase name="filter apps is case insensitive" classname="com.armyknife.tools.features.media.ApkExtractorViewModelTest" time="0.0"/>
  <testcase name="sort order defaults to name" classname="com.armyknife.tools.features.media.ApkExtractorViewModelTest" time="0.0"/>
  <testcase name="sort by name orders alphabetically" classname="com.armyknife.tools.features.media.ApkExtractorViewModelTest" time="0.001"/>
  <testcase name="format bytes shows GB" classname="com.armyknife.tools.features.media.ApkExtractorViewModelTest" time="0.0"/>
  <testcase name="format bytes shows KB" classname="com.armyknife.tools.features.media.ApkExtractorViewModelTest" time="0.001"/>
  <testcase name="format bytes shows MB" classname="com.armyknife.tools.features.media.ApkExtractorViewModelTest" time="0.0"/>
  <system-out><![CDATA[]]></system-out>
  <system-err><![CDATA[]]></system-err>
</testsuite>
