<?xml version="1.0" encoding="UTF-8"?>
<testsuite name="com.armyknife.tools.features.sensor.BubbleLevelViewModelTest" tests="12" skipped="0" failures="0" errors="0" timestamp="2026-05-18T09:05:20" hostname="pram11-server-01" time="0.003">
  <properties/>
  <testcase name="bubble position calculated from tilt" classname="com.armyknife.tools.features.sensor.BubbleLevelViewModelTest" time="0.001"/>
  <testcase name="tilted along X axis - positive pitch" classname="com.armyknife.tools.features.sensor.BubbleLevelViewModelTest" time="0.0"/>
  <testcase name="negative X tilt" classname="com.armyknife.tools.features.sensor.BubbleLevelViewModelTest" time="0.0"/>
  <testcase name="negative Y tilt" classname="com.armyknife.tools.features.sensor.BubbleLevelViewModelTest" time="0.0"/>
  <testcase name="isLevel returns true within tolerance threshold" classname="com.armyknife.tools.features.sensor.BubbleLevelViewModelTest" time="0.0"/>
  <testcase name="tilt angles clamped to -90 to 90" classname="com.armyknife.tools.features.sensor.BubbleLevelViewModelTest" time="0.0"/>
  <testcase name="isLevel returns false when tilted beyond threshold" classname="com.armyknife.tools.features.sensor.BubbleLevelViewModelTest" time="0.0"/>
  <testcase name="tilted along Y axis - positive roll" classname="com.armyknife.tools.features.sensor.BubbleLevelViewModelTest" time="0.0"/>
  <testcase name="gravity normalization handles zero gravity gracefully" classname="com.armyknife.tools.features.sensor.BubbleLevelViewModelTest" time="0.0"/>
  <testcase name="isLevel returns true when flat" classname="com.armyknife.tools.features.sensor.BubbleLevelViewModelTest" time="0.0"/>
  <testcase name="flat surface - zero tilt returns 0 0" classname="com.armyknife.tools.features.sensor.BubbleLevelViewModelTest" time="0.0"/>
  <testcase name="bubble centered when flat" classname="com.armyknife.tools.features.sensor.BubbleLevelViewModelTest" time="0.0"/>
  <system-out><![CDATA[]]></system-out>
  <system-err><![CDATA[]]></system-err>
</testsuite>
