<?xml version="1.0" encoding="UTF-8"?>
<testsuite name="com.armyknife.tools.features.utility.TextCryptoViewModelTest" tests="16" skipped="0" failures="0" errors="0" timestamp="2026-05-18T17:24:04" hostname="pram11-server-01" time="0.007">
  <properties/>
  <testcase name="Reverse string" classname="com.armyknife.tools.features.utility.TextCryptoViewModelTest" time="0.001"/>
  <testcase name="Hex decode odd length returns error" classname="com.armyknife.tools.features.utility.TextCryptoViewModelTest" time="0.001"/>
  <testcase name="default operation is Base64 encode" classname="com.armyknife.tools.features.utility.TextCryptoViewModelTest" time="0.0"/>
  <testcase name="URL decode" classname="com.armyknife.tools.features.utility.TextCryptoViewModelTest" time="0.0"/>
  <testcase name="URL encode" classname="com.armyknife.tools.features.utility.TextCryptoViewModelTest" time="0.001"/>
  <testcase name="Base64 decode invalid returns error" classname="com.armyknife.tools.features.utility.TextCryptoViewModelTest" time="0.0"/>
  <testcase name="ROT13 encode" classname="com.armyknife.tools.features.utility.TextCryptoViewModelTest" time="0.0"/>
  <testcase name="cycleOperation iterates through all" classname="com.armyknife.tools.features.utility.TextCryptoViewModelTest" time="0.001"/>
  <testcase name="ROT13 double application returns original" classname="com.armyknife.tools.features.utility.TextCryptoViewModelTest" time="0.001"/>
  <testcase name="Hex decode" classname="com.armyknife.tools.features.utility.TextCryptoViewModelTest" time="0.0"/>
  <testcase name="Hex encode" classname="com.armyknife.tools.features.utility.TextCryptoViewModelTest" time="0.001"/>
  <testcase name="Base64 decode" classname="com.armyknife.tools.features.utility.TextCryptoViewModelTest" time="0.0"/>
  <testcase name="Base64 encode" classname="com.armyknife.tools.features.utility.TextCryptoViewModelTest" time="0.0"/>
  <testcase name="default input is empty" classname="com.armyknife.tools.features.utility.TextCryptoViewModelTest" time="0.0"/>
  <testcase name="process empty input returns empty" classname="com.armyknife.tools.features.utility.TextCryptoViewModelTest" time="0.0"/>
  <testcase name="resetToDefaults clears state" classname="com.armyknife.tools.features.utility.TextCryptoViewModelTest" time="0.001"/>
  <system-out><![CDATA[]]></system-out>
  <system-err><![CDATA[]]></system-err>
</testsuite>
