<?xml version="1.0" encoding="UTF-8"?>
<testsuite name="com.armyknife.tools.features.utility.UnitConverterViewModelTest" tests="25" skipped="0" failures="0" errors="0" timestamp="2026-05-18T17:30:53" hostname="pram11-server-01" time="0.005">
  <properties/>
  <testcase name="default category is length" classname="com.armyknife.tools.features.utility.UnitConverterViewModelTest" time="0.001"/>
  <testcase name="convert kilograms to pounds" classname="com.armyknife.tools.features.utility.UnitConverterViewModelTest" time="0.001"/>
  <testcase name="convert kmh to mph" classname="com.armyknife.tools.features.utility.UnitConverterViewModelTest" time="0.0"/>
  <testcase name="cycleCategory iterates through all categories" classname="com.armyknife.tools.features.utility.UnitConverterViewModelTest" time="0.0"/>
  <testcase name="formatResult handles zero" classname="com.armyknife.tools.features.utility.UnitConverterViewModelTest" time="0.0"/>
  <testcase name="updateInput from string" classname="com.armyknife.tools.features.utility.UnitConverterViewModelTest" time="0.002"/>
  <testcase name="convert celsius to fahrenheit" classname="com.armyknife.tools.features.utility.UnitConverterViewModelTest" time="0.0"/>
  <testcase name="convert KB to bytes" classname="com.armyknife.tools.features.utility.UnitConverterViewModelTest" time="0.0"/>
  <testcase name="from unit index defaults to 0" classname="com.armyknife.tools.features.utility.UnitConverterViewModelTest" time="0.0"/>
  <testcase name="convert meters to kilometers" classname="com.armyknife.tools.features.utility.UnitConverterViewModelTest" time="0.0"/>
  <testcase name="swapUnits exchanges from and to indices" classname="com.armyknife.tools.features.utility.UnitConverterViewModelTest" time="0.0"/>
  <testcase name="convert fahrenheit to celsius" classname="com.armyknife.tools.features.utility.UnitConverterViewModelTest" time="0.0"/>
  <testcase name="updateInput from invalid string returns zero" classname="com.armyknife.tools.features.utility.UnitConverterViewModelTest" time="0.0"/>
  <testcase name="updateInput handles negative" classname="com.armyknife.tools.features.utility.UnitConverterViewModelTest" time="0.0"/>
  <testcase name="convert celsius to kelvin" classname="com.armyknife.tools.features.utility.UnitConverterViewModelTest" time="0.0"/>
  <testcase name="convert grams to kilograms" classname="com.armyknife.tools.features.utility.UnitConverterViewModelTest" time="0.001"/>
  <testcase name="convert kilometers to meters" classname="com.armyknife.tools.features.utility.UnitConverterViewModelTest" time="0.0"/>
  <testcase name="default input is zero" classname="com.armyknife.tools.features.utility.UnitConverterViewModelTest" time="0.0"/>
  <testcase name="to unit index defaults to 1" classname="com.armyknife.tools.features.utility.UnitConverterViewModelTest" time="0.0"/>
  <testcase name="convert meters to feet" classname="com.armyknife.tools.features.utility.UnitConverterViewModelTest" time="0.0"/>
  <testcase name="formatResult handles normal values" classname="com.armyknife.tools.features.utility.UnitConverterViewModelTest" time="0.0"/>
  <testcase name="convert square meters to square kilometers" classname="com.armyknife.tools.features.utility.UnitConverterViewModelTest" time="0.0"/>
  <testcase name="convert GB to MB" classname="com.armyknife.tools.features.utility.UnitConverterViewModelTest" time="0.0"/>
  <testcase name="updateInput sets value" classname="com.armyknife.tools.features.utility.UnitConverterViewModelTest" time="0.0"/>
  <testcase name="resetToDefaults clears state" classname="com.armyknife.tools.features.utility.UnitConverterViewModelTest" time="0.0"/>
  <system-out><![CDATA[]]></system-out>
  <system-err><![CDATA[]]></system-err>
</testsuite>
