<?xml version="1.0" encoding="UTF-8"?>
<testsuite name="com.armyknife.tools.features.media.VoiceRecorderViewModelTest" tests="28" skipped="0" failures="0" errors="0" timestamp="2026-05-18T17:00:57" hostname="pram11-server-01" time="0.007">
  <properties/>
  <testcase name="cannot start when already recording" classname="com.armyknife.tools.features.media.VoiceRecorderViewModelTest" time="0.002"/>
  <testcase name="cannot resume when idle" classname="com.armyknife.tools.features.media.VoiceRecorderViewModelTest" time="0.0"/>
  <testcase name="estimateFileSize returns positive value" classname="com.armyknife.tools.features.media.VoiceRecorderViewModelTest" time="0.0"/>
  <testcase name="default duration is zero" classname="com.armyknife.tools.features.media.VoiceRecorderViewModelTest" time="0.001"/>
  <testcase name="tick does not increment when paused" classname="com.armyknife.tools.features.media.VoiceRecorderViewModelTest" time="0.0"/>
  <testcase name="startRecording sets state to recording" classname="com.armyknife.tools.features.media.VoiceRecorderViewModelTest" time="0.0"/>
  <testcase name="formatDuration shows minutes and seconds" classname="com.armyknife.tools.features.media.VoiceRecorderViewModelTest" time="0.0"/>
  <testcase name="formatDuration shows seconds" classname="com.armyknife.tools.features.media.VoiceRecorderViewModelTest" time="0.0"/>
  <testcase name="updateVolume clamps to 0-100" classname="com.armyknife.tools.features.media.VoiceRecorderViewModelTest" time="0.0"/>
  <testcase name="tick increments duration when recording" classname="com.armyknife.tools.features.media.VoiceRecorderViewModelTest" time="0.0"/>
  <testcase name="default volume is zero" classname="com.armyknife.tools.features.media.VoiceRecorderViewModelTest" time="0.0"/>
  <testcase name="formatDuration handles exactly 1 hour" classname="com.armyknife.tools.features.media.VoiceRecorderViewModelTest" time="0.001"/>
  <testcase name="cannot pause when idle" classname="com.armyknife.tools.features.media.VoiceRecorderViewModelTest" time="0.0"/>
  <testcase name="pauseRecording from recording sets state to paused" classname="com.armyknife.tools.features.media.VoiceRecorderViewModelTest" time="0.0"/>
  <testcase name="resumeRecording from paused sets state to recording" classname="com.armyknife.tools.features.media.VoiceRecorderViewModelTest" time="0.0"/>
  <testcase name="tick resets after stop" classname="com.armyknife.tools.features.media.VoiceRecorderViewModelTest" time="0.0"/>
  <testcase name="generateFilename produces timestamped name" classname="com.armyknife.tools.features.media.VoiceRecorderViewModelTest" time="0.002"/>
  <testcase name="cannot stop when idle" classname="com.armyknife.tools.features.media.VoiceRecorderViewModelTest" time="0.0"/>
  <testcase name="tick after resume continues from paused duration" classname="com.armyknife.tools.features.media.VoiceRecorderViewModelTest" time="0.0"/>
  <testcase name="reset clears all state" classname="com.armyknife.tools.features.media.VoiceRecorderViewModelTest" time="0.001"/>
  <testcase name="estimateFileSize scales with duration" classname="com.armyknife.tools.features.media.VoiceRecorderViewModelTest" time="0.0"/>
  <testcase name="estimateFileSize zero duration returns 0" classname="com.armyknife.tools.features.media.VoiceRecorderViewModelTest" time="0.0"/>
  <testcase name="tick accumulates over multiple calls" classname="com.armyknife.tools.features.media.VoiceRecorderViewModelTest" time="0.0"/>
  <testcase name="stopRecording sets state to idle" classname="com.armyknife.tools.features.media.VoiceRecorderViewModelTest" time="0.0"/>
  <testcase name="default state is idle" classname="com.armyknife.tools.features.media.VoiceRecorderViewModelTest" time="0.0"/>
  <testcase name="default sample rate is 44100" classname="com.armyknife.tools.features.media.VoiceRecorderViewModelTest" time="0.0"/>
  <testcase name="formatDuration shows 00-00 for zero" classname="com.armyknife.tools.features.media.VoiceRecorderViewModelTest" time="0.0"/>
  <testcase name="cycleSampleRate iterates correctly" classname="com.armyknife.tools.features.media.VoiceRecorderViewModelTest" time="0.0"/>
  <system-out><![CDATA[]]></system-out>
  <system-err><![CDATA[]]></system-err>
</testsuite>
