<?xml version="1.0" encoding="UTF-8"?>
<testsuite name="com.armyknife.tools.features.media.PdfUtilityViewModelTest" tests="34" skipped="0" failures="0" errors="0" timestamp="2026-05-18T16:37:39" hostname="pram11-server-01" time="0.061">
  <properties/>
  <testcase name="update text sets value" classname="com.armyknife.tools.features.media.PdfUtilityViewModelTest" time="0.04"/>
  <testcase name="charsPerLine uses available width" classname="com.armyknife.tools.features.media.PdfUtilityViewModelTest" time="0.003"/>
  <testcase name="update margins clamps to 0-200" classname="com.armyknife.tools.features.media.PdfUtilityViewModelTest" time="0.0"/>
  <testcase name="charsPerLine decreases with larger margins" classname="com.armyknife.tools.features.media.PdfUtilityViewModelTest" time="0.0"/>
  <testcase name="short text yields at least 1 page" classname="com.armyknife.tools.features.media.PdfUtilityViewModelTest" time="0.007"/>
  <testcase name="fontSize clamps to 8-72" classname="com.armyknife.tools.features.media.PdfUtilityViewModelTest" time="0.0"/>
  <testcase name="update document title" classname="com.armyknife.tools.features.media.PdfUtilityViewModelTest" time="0.0"/>
  <testcase name="default metadata is empty" classname="com.armyknife.tools.features.media.PdfUtilityViewModelTest" time="0.0"/>
  <testcase name="default line spacing multiplier is 1x5" classname="com.armyknife.tools.features.media.PdfUtilityViewModelTest" time="0.0"/>
  <testcase name="page size LETTER has correct dimensions in points" classname="com.armyknife.tools.features.media.PdfUtilityViewModelTest" time="0.0"/>
  <testcase name="larger page size yields fewer pages" classname="com.armyknife.tools.features.media.PdfUtilityViewModelTest" time="0.0"/>
  <testcase name="generateFilename with default extension" classname="com.armyknife.tools.features.media.PdfUtilityViewModelTest" time="0.0"/>
  <testcase name="default fontSize is 12" classname="com.armyknife.tools.features.media.PdfUtilityViewModelTest" time="0.0"/>
  <testcase name="default margins are 72 points" classname="com.armyknife.tools.features.media.PdfUtilityViewModelTest" time="0.001"/>
  <testcase name="resetToDefaults clears all values" classname="com.armyknife.tools.features.media.PdfUtilityViewModelTest" time="0.0"/>
  <testcase name="generateFilename strips existing pdf extension" classname="com.armyknife.tools.features.media.PdfUtilityViewModelTest" time="0.001"/>
  <testcase name="page count increases with more text" classname="com.armyknife.tools.features.media.PdfUtilityViewModelTest" time="0.001"/>
  <testcase name="empty text with spaces yields 0 pages" classname="com.armyknife.tools.features.media.PdfUtilityViewModelTest" time="0.0"/>
  <testcase name="line spacing clamps to 1x0 to 3x0" classname="com.armyknife.tools.features.media.PdfUtilityViewModelTest" time="0.0"/>
  <testcase name="charsPerLine decreases with larger font" classname="com.armyknife.tools.features.media.PdfUtilityViewModelTest" time="0.0"/>
  <testcase name="page size LEGAL has correct dimensions in points" classname="com.armyknife.tools.features.media.PdfUtilityViewModelTest" time="0.001"/>
  <testcase name="page size A4 has correct dimensions in points" classname="com.armyknife.tools.features.media.PdfUtilityViewModelTest" time="0.0"/>
  <testcase name="update document author" classname="com.armyknife.tools.features.media.PdfUtilityViewModelTest" time="0.0"/>
  <testcase name="lineHeight in points is fontSize * lineSpacing" classname="com.armyknife.tools.features.media.PdfUtilityViewModelTest" time="0.0"/>
  <testcase name="default page size is A4" classname="com.armyknife.tools.features.media.PdfUtilityViewModelTest" time="0.0"/>
  <testcase name="larger font size yields more pages" classname="com.armyknife.tools.features.media.PdfUtilityViewModelTest" time="0.0"/>
  <testcase name="linesPerPage is usableHeight divided by lineHeight" classname="com.armyknife.tools.features.media.PdfUtilityViewModelTest" time="0.0"/>
  <testcase name="lineHeight single spacing" classname="com.armyknife.tools.features.media.PdfUtilityViewModelTest" time="0.0"/>
  <testcase name="usableHeight is page height minus top and bottom margins" classname="com.armyknife.tools.features.media.PdfUtilityViewModelTest" time="0.0"/>
  <testcase name="cyclePageSize iterates A4 to LETTER to LEGAL to A4" classname="com.armyknife.tools.features.media.PdfUtilityViewModelTest" time="0.0"/>
  <testcase name="empty text yields 0 pages" classname="com.armyknife.tools.features.media.PdfUtilityViewModelTest" time="0.0"/>
  <testcase name="smaller margins yield fewer pages" classname="com.armyknife.tools.features.media.PdfUtilityViewModelTest" time="0.001"/>
  <testcase name="usableWidth is page width minus left and right margins" classname="com.armyknife.tools.features.media.PdfUtilityViewModelTest" time="0.0"/>
  <testcase name="default text is empty" classname="com.armyknife.tools.features.media.PdfUtilityViewModelTest" time="0.0"/>
  <system-out><![CDATA[]]></system-out>
  <system-err><![CDATA[]]></system-err>
</testsuite>
